<?xml version="1.0" encoding="UTF-8"?>
<!-- Generated by org.testng.reporters.JUnitReportReporter -->
<testsuite hostname="DESKTOP-TP6OK70" name="mavenBuild1.TestingClass" tests="1" failures="0" timestamp="12 Oct 2017 09:21:19 GMT" time="32.011" errors="0">
  <testcase name="openBrowser" time="32.011" classname="mavenBuild1.TestingClass"/>
</testsuite> <!-- mavenBuild1.TestingClass -->
